{"/Users/xmen/dev/jest/main.js": {"path":"/Users/xmen/dev/jest/main.js","all":false,"statementMap":{"0":{"start":{"line":1,"column":0},"end":{"line":1,"column":0}},"1":{"start":{"line":2,"column":0},"end":{"line":2,"column":34}},"2":{"start":{"line":3,"column":0},"end":{"line":3,"column":12}},"3":{"start":{"line":4,"column":0},"end":{"line":4,"column":25}},"4":{"start":{"line":5,"column":0},"end":{"line":5,"column":12}},"5":{"start":{"line":6,"column":0},"end":{"line":6,"column":29}},"6":{"start":{"line":7,"column":0},"end":{"line":7,"column":0}},"7":{"start":{"line":8,"column":0},"end":{"line":8,"column":24}},"8":{"start":{"line":9,"column":0},"end":{"line":9,"column":11}},"9":{"start":{"line":10,"column":0},"end":{"line":10,"column":22}},"10":{"start":{"line":11,"column":0},"end":{"line":11,"column":0}},"11":{"start":{"line":12,"column":0},"end":{"line":12,"column":56}},"12":{"start":{"line":13,"column":0},"end":{"line":13,"column":20}},"13":{"start":{"line":14,"column":0},"end":{"line":14,"column":26}},"14":{"start":{"line":15,"column":0},"end":{"line":15,"column":0}},"15":{"start":{"line":16,"column":0},"end":{"line":16,"column":28}},"16":{"start":{"line":17,"column":0},"end":{"line":17,"column":16}},"17":{"start":{"line":18,"column":0},"end":{"line":18,"column":22}},"18":{"start":{"line":19,"column":0},"end":{"line":19,"column":0}},"19":{"start":{"line":20,"column":0},"end":{"line":20,"column":28}},"20":{"start":{"line":21,"column":0},"end":{"line":21,"column":16}},"21":{"start":{"line":22,"column":0},"end":{"line":22,"column":22}},"22":{"start":{"line":23,"column":0},"end":{"line":23,"column":0}},"23":{"start":{"line":24,"column":0},"end":{"line":24,"column":23}},"24":{"start":{"line":25,"column":0},"end":{"line":25,"column":11}},"25":{"start":{"line":26,"column":0},"end":{"line":26,"column":2}},"26":{"start":{"line":27,"column":0},"end":{"line":27,"column":9}},"27":{"start":{"line":28,"column":0},"end":{"line":28,"column":13}},"28":{"start":{"line":29,"column":0},"end":{"line":29,"column":15}},"29":{"start":{"line":30,"column":0},"end":{"line":30,"column":0}},"30":{"start":{"line":31,"column":0},"end":{"line":31,"column":0}},"31":{"start":{"line":32,"column":0},"end":{"line":32,"column":11}},"32":{"start":{"line":33,"column":0},"end":{"line":33,"column":28}},"33":{"start":{"line":34,"column":0},"end":{"line":34,"column":51}}},"s":{"0":1,"1":5,"2":0,"3":0,"4":0,"5":0,"6":0,"7":0,"8":0,"9":0,"10":0,"11":0,"12":0,"13":0,"14":0,"15":0,"16":0,"17":0,"18":0,"19":0,"20":0,"21":0,"22":0,"23":0,"24":0,"25":0,"26":0,"27":0,"28":1,"29":1,"30":1,"31":1,"32":1,"33":1},"branchMap":{"0":{"type":"branch","line":2,"loc":{"start":{"line":2,"column":0},"end":{"line":29,"column":2}},"locations":[{"start":{"line":2,"column":0},"end":{"line":29,"column":2}}]},"1":{"type":"branch","line":4,"loc":{"start":{"line":4,"column":24},"end":{"line":6,"column":3}},"locations":[{"start":{"line":4,"column":24},"end":{"line":6,"column":3}}]},"2":{"type":"branch","line":2,"loc":{"start":{"line":2,"column":33},"end":{"line":8,"column":5}},"locations":[{"start":{"line":2,"column":33},"end":{"line":8,"column":5}}]},"3":{"type":"branch","line":8,"loc":{"start":{"line":8,"column":23},"end":{"line":10,"column":3}},"locations":[{"start":{"line":8,"column":23},"end":{"line":10,"column":3}}]},"4":{"type":"branch","line":2,"loc":{"start":{"line":2,"column":33},"end":{"line":12,"column":6}},"locations":[{"start":{"line":2,"column":33},"end":{"line":12,"column":6}}]},"5":{"type":"branch","line":12,"loc":{"start":{"line":12,"column":5},"end":{"line":12,"column":55}},"locations":[{"start":{"line":12,"column":5},"end":{"line":12,"column":55}}]},"6":{"type":"branch","line":12,"loc":{"start":{"line":12,"column":55},"end":{"line":14,"column":3}},"locations":[{"start":{"line":12,"column":55},"end":{"line":14,"column":3}}]},"7":{"type":"branch","line":2,"loc":{"start":{"line":2,"column":33},"end":{"line":16,"column":5}},"locations":[{"start":{"line":2,"column":33},"end":{"line":16,"column":5}}]},"8":{"type":"branch","line":16,"loc":{"start":{"line":16,"column":27},"end":{"line":18,"column":3}},"locations":[{"start":{"line":16,"column":27},"end":{"line":18,"column":3}}]},"9":{"type":"branch","line":2,"loc":{"start":{"line":2,"column":33},"end":{"line":20,"column":5}},"locations":[{"start":{"line":2,"column":33},"end":{"line":20,"column":5}}]},"10":{"type":"branch","line":20,"loc":{"start":{"line":20,"column":27},"end":{"line":26,"column":2}},"locations":[{"start":{"line":20,"column":27},"end":{"line":26,"column":2}}]},"11":{"type":"branch","line":2,"loc":{"start":{"line":2,"column":33},"end":{"line":29,"column":2}},"locations":[{"start":{"line":2,"column":33},"end":{"line":29,"column":2}}]}},"b":{"0":[5],"1":[1],"2":[4],"3":[0],"4":[4],"5":[2],"6":[1],"7":[3],"8":[1],"9":[2],"10":[1],"11":[0]},"fnMap":{"0":{"name":"myFunction","decl":{"start":{"line":2,"column":0},"end":{"line":29,"column":2}},"loc":{"start":{"line":2,"column":0},"end":{"line":29,"column":2}},"line":2}},"f":{"0":5}}
}
