{"/Users/xmen/dev/jest/main.js": {"path":"/Users/xmen/dev/jest/main.js","all":false,"statementMap":{"0":{"start":{"line":1,"column":0},"end":{"line":1,"column":0}},"1":{"start":{"line":2,"column":0},"end":{"line":2,"column":34}},"2":{"start":{"line":3,"column":0},"end":{"line":3,"column":12}},"3":{"start":{"line":4,"column":0},"end":{"line":4,"column":56}},"4":{"start":{"line":5,"column":0},"end":{"line":5,"column":20}},"5":{"start":{"line":6,"column":0},"end":{"line":6,"column":26}},"6":{"start":{"line":7,"column":0},"end":{"line":7,"column":0}},"7":{"start":{"line":8,"column":0},"end":{"line":8,"column":28}},"8":{"start":{"line":9,"column":0},"end":{"line":9,"column":16}},"9":{"start":{"line":10,"column":0},"end":{"line":10,"column":22}},"10":{"start":{"line":11,"column":0},"end":{"line":11,"column":0}},"11":{"start":{"line":12,"column":0},"end":{"line":12,"column":28}},"12":{"start":{"line":13,"column":0},"end":{"line":13,"column":16}},"13":{"start":{"line":14,"column":0},"end":{"line":14,"column":22}},"14":{"start":{"line":15,"column":0},"end":{"line":15,"column":0}},"15":{"start":{"line":16,"column":0},"end":{"line":16,"column":23}},"16":{"start":{"line":17,"column":0},"end":{"line":17,"column":11}},"17":{"start":{"line":18,"column":0},"end":{"line":18,"column":2}},"18":{"start":{"line":19,"column":0},"end":{"line":19,"column":9}},"19":{"start":{"line":20,"column":0},"end":{"line":20,"column":13}},"20":{"start":{"line":21,"column":0},"end":{"line":21,"column":15}},"21":{"start":{"line":22,"column":0},"end":{"line":22,"column":0}},"22":{"start":{"line":23,"column":0},"end":{"line":23,"column":0}},"23":{"start":{"line":24,"column":0},"end":{"line":24,"column":22}},"24":{"start":{"line":25,"column":0},"end":{"line":25,"column":28}}},"s":{"0":1,"1":4,"2":0,"3":0,"4":0,"5":0,"6":0,"7":0,"8":0,"9":0,"10":0,"11":0,"12":0,"13":0,"14":0,"15":0,"16":0,"17":0,"18":0,"19":0,"20":1,"21":1,"22":1,"23":1,"24":1},"branchMap":{"0":{"type":"branch","line":2,"loc":{"start":{"line":2,"column":0},"end":{"line":21,"column":2}},"locations":[{"start":{"line":2,"column":0},"end":{"line":21,"column":2}}]},"1":{"type":"branch","line":4,"loc":{"start":{"line":4,"column":5},"end":{"line":4,"column":55}},"locations":[{"start":{"line":4,"column":5},"end":{"line":4,"column":55}}]},"2":{"type":"branch","line":4,"loc":{"start":{"line":4,"column":55},"end":{"line":6,"column":3}},"locations":[{"start":{"line":4,"column":55},"end":{"line":6,"column":3}}]},"3":{"type":"branch","line":2,"loc":{"start":{"line":2,"column":33},"end":{"line":8,"column":5}},"locations":[{"start":{"line":2,"column":33},"end":{"line":8,"column":5}}]},"4":{"type":"branch","line":8,"loc":{"start":{"line":8,"column":27},"end":{"line":10,"column":3}},"locations":[{"start":{"line":8,"column":27},"end":{"line":10,"column":3}}]},"5":{"type":"branch","line":2,"loc":{"start":{"line":2,"column":33},"end":{"line":12,"column":5}},"locations":[{"start":{"line":2,"column":33},"end":{"line":12,"column":5}}]},"6":{"type":"branch","line":12,"loc":{"start":{"line":12,"column":27},"end":{"line":18,"column":2}},"locations":[{"start":{"line":12,"column":27},"end":{"line":18,"column":2}}]},"7":{"type":"branch","line":2,"loc":{"start":{"line":2,"column":33},"end":{"line":21,"column":2}},"locations":[{"start":{"line":2,"column":33},"end":{"line":21,"column":2}}]}},"b":{"0":[4],"1":[2],"2":[1],"3":[3],"4":[1],"5":[2],"6":[1],"7":[0]},"fnMap":{"0":{"name":"myFunction","decl":{"start":{"line":2,"column":0},"end":{"line":21,"column":2}},"loc":{"start":{"line":2,"column":0},"end":{"line":21,"column":2}},"line":2}},"f":{"0":4}}
}
