TN:
SF:main.js
FN:2,myFunction
FNF:1
FNH:1
FNDA:5,myFunction
DA:1,1
DA:2,5
DA:3,0
DA:4,0
DA:5,0
DA:6,0
DA:7,0
DA:8,0
DA:9,0
DA:10,0
DA:11,0
DA:12,0
DA:13,0
DA:14,0
DA:15,0
DA:16,0
DA:17,0
DA:18,0
DA:19,0
DA:20,0
DA:21,0
DA:22,0
DA:23,0
DA:24,0
DA:25,0
DA:26,0
DA:27,0
DA:28,0
DA:29,1
DA:30,1
DA:31,1
DA:32,1
DA:33,1
DA:34,1
LF:34
LH:8
BRDA:2,0,0,5
BRDA:4,1,0,1
BRDA:2,2,0,4
BRDA:8,3,0,0
BRDA:2,4,0,4
BRDA:12,5,0,2
BRDA:12,6,0,1
BRDA:2,7,0,3
BRDA:16,8,0,1
BRDA:2,9,0,2
BRDA:20,10,0,1
BRDA:2,11,0,0
BRF:12
BRH:10
end_of_record
